mode: atomic
github.com/jabong/florest-core/src/common/logger/log_manager.go:36.40,40.16 3 1
github.com/jabong/florest-core/src/common/logger/log_manager.go:45.2,46.16 2 0
github.com/jabong/florest-core/src/common/logger/log_manager.go:51.2,52.22 2 0
github.com/jabong/florest-core/src/common/logger/log_manager.go:40.16,44.3 3 1
github.com/jabong/florest-core/src/common/logger/log_manager.go:46.16,50.3 3 0
github.com/jabong/florest-core/src/common/logger/log_manager.go:56.60,58.9 2 0
github.com/jabong/florest-core/src/common/logger/log_manager.go:61.2,61.26 1 0
github.com/jabong/florest-core/src/common/logger/log_manager.go:58.9,60.3 1 0
github.com/jabong/florest-core/src/common/logger/log_manager.go:65.36,66.17 1 2
github.com/jabong/florest-core/src/common/logger/log_manager.go:70.2,70.28 1 1
github.com/jabong/florest-core/src/common/logger/log_manager.go:66.17,69.3 2 1
github.com/jabong/florest-core/src/common/logger/log_manager.go:74.31,77.23 3 0
github.com/jabong/florest-core/src/common/logger/log_manager.go:85.2,85.11 1 0
github.com/jabong/florest-core/src/common/logger/log_manager.go:77.23,79.31 2 0
github.com/jabong/florest-core/src/common/logger/log_manager.go:82.3,83.6 2 0
github.com/jabong/florest-core/src/common/logger/log_manager.go:79.31,80.9 1 0
github.com/jabong/florest-core/src/common/logger/log_manager.go:89.30,92.44 3 0
github.com/jabong/florest-core/src/common/logger/log_manager.go:118.2,118.12 1 0
github.com/jabong/florest-core/src/common/logger/log_manager.go:92.44,96.17 4 0
github.com/jabong/florest-core/src/common/logger/log_manager.go:101.3,101.59 1 0
github.com/jabong/florest-core/src/common/logger/log_manager.go:110.3,110.86 1 0
github.com/jabong/florest-core/src/common/logger/log_manager.go:114.3,116.27 2 0
github.com/jabong/florest-core/src/common/logger/log_manager.go:96.17,99.4 2 0
github.com/jabong/florest-core/src/common/logger/log_manager.go:101.59,103.18 2 0
github.com/jabong/florest-core/src/common/logger/log_manager.go:103.18,105.5 1 0
github.com/jabong/florest-core/src/common/logger/log_manager.go:106.4,108.4 1 0
github.com/jabong/florest-core/src/common/logger/log_manager.go:110.86,112.4 1 0
github.com/jabong/florest-core/src/common/logger/log_manager.go:122.26,124.2 1 0
github.com/jabong/florest-core/src/common/logger/log_manager.go:127.32,129.2 1 0
github.com/jabong/florest-core/src/common/logger/logger_helper.go:11.54,12.25 1 0
github.com/jabong/florest-core/src/common/logger/logger_helper.go:15.2,16.16 2 0
github.com/jabong/florest-core/src/common/logger/logger_helper.go:20.2,24.25 4 0
github.com/jabong/florest-core/src/common/logger/logger_helper.go:12.25,14.3 1 0
github.com/jabong/florest-core/src/common/logger/logger_helper.go:16.16,19.3 2 0
github.com/jabong/florest-core/src/common/logger/logger_helper.go:28.30,30.2 1 0
github.com/jabong/florest-core/src/common/logger/logger_helper.go:33.53,34.24 1 0
github.com/jabong/florest-core/src/common/logger/logger_helper.go:37.2,38.16 2 0
github.com/jabong/florest-core/src/common/logger/logger_helper.go:42.2,45.24 4 0
github.com/jabong/florest-core/src/common/logger/logger_helper.go:34.24,36.3 1 0
github.com/jabong/florest-core/src/common/logger/logger_helper.go:38.16,41.3 2 0
github.com/jabong/florest-core/src/common/logger/logger_helper.go:49.29,51.2 1 0
github.com/jabong/florest-core/src/common/logger/logger_helper.go:54.54,55.25 1 0
github.com/jabong/florest-core/src/common/logger/logger_helper.go:58.2,59.16 2 0
github.com/jabong/florest-core/src/common/logger/logger_helper.go:63.2,67.25 5 0
github.com/jabong/florest-core/src/common/logger/logger_helper.go:55.25,57.3 1 0
github.com/jabong/florest-core/src/common/logger/logger_helper.go:59.16,62.3 2 0
github.com/jabong/florest-core/src/common/logger/logger_helper.go:71.30,73.2 1 0
github.com/jabong/florest-core/src/common/logger/logger_helper.go:76.56,77.27 1 0
github.com/jabong/florest-core/src/common/logger/logger_helper.go:80.2,81.16 2 0
github.com/jabong/florest-core/src/common/logger/logger_helper.go:85.2,89.27 5 0
github.com/jabong/florest-core/src/common/logger/logger_helper.go:77.27,79.3 1 0
github.com/jabong/florest-core/src/common/logger/logger_helper.go:81.16,84.3 2 0
github.com/jabong/florest-core/src/common/logger/logger_helper.go:93.32,95.2 1 0
github.com/jabong/florest-core/src/common/logger/logger_helper.go:98.54,99.23 1 0
github.com/jabong/florest-core/src/common/logger/logger_helper.go:102.2,103.16 2 0
github.com/jabong/florest-core/src/common/logger/logger_helper.go:107.2,111.25 5 0
github.com/jabong/florest-core/src/common/logger/logger_helper.go:99.23,101.3 1 0
github.com/jabong/florest-core/src/common/logger/logger_helper.go:103.16,106.3 2 0
github.com/jabong/florest-core/src/common/logger/logger_helper.go:115.30,117.2 1 0
github.com/jabong/florest-core/src/common/logger/logger_helper.go:121.56,123.16 2 0
github.com/jabong/florest-core/src/common/logger/logger_helper.go:127.2,130.27 4 0
github.com/jabong/florest-core/src/common/logger/logger_helper.go:123.16,126.3 2 0
github.com/jabong/florest-core/src/common/logger/logger_helper.go:135.32,137.2 1 0
github.com/jabong/florest-core/src/common/logger/logger_helper.go:140.36,142.2 1 0
github.com/jabong/florest-core/src/common/logger/logger_helper.go:145.47,147.22 2 0
github.com/jabong/florest-core/src/common/logger/logger_helper.go:152.2,152.22 1 0
github.com/jabong/florest-core/src/common/logger/logger_helper.go:160.2,163.21 3 0
github.com/jabong/florest-core/src/common/logger/logger_helper.go:169.2,177.3 1 0
github.com/jabong/florest-core/src/common/logger/logger_helper.go:147.22,151.3 1 0
github.com/jabong/florest-core/src/common/logger/logger_helper.go:152.22,157.3 1 0
github.com/jabong/florest-core/src/common/logger/logger_helper.go:163.21,168.3 1 0
