mode: atomic
github.com/jabong/florest-core/src/core/common/orchestrator/workflow_state.go:20.68,23.8 2 13
github.com/jabong/florest-core/src/core/common/orchestrator/workflow_state.go:26.2,27.12 2 11
github.com/jabong/florest-core/src/core/common/orchestrator/workflow_state.go:23.8,25.3 1 2
github.com/jabong/florest-core/src/core/common/orchestrator/workflow_state.go:33.74,36.9 2 1
github.com/jabong/florest-core/src/core/common/orchestrator/workflow_state.go:39.2,39.17 1 1
github.com/jabong/florest-core/src/core/common/orchestrator/workflow_state.go:36.9,38.3 1 0
github.com/jabong/florest-core/src/core/common/orchestrator/workflow_state.go:45.67,47.2 1 6
github.com/jabong/florest-core/src/core/common/orchestrator/workflow_state.go:52.38,54.2 1 9
github.com/jabong/florest-core/src/core/common/orchestrator/workflow_definition.go:30.70,32.2 1 0
github.com/jabong/florest-core/src/core/common/orchestrator/workflow_definition.go:37.39,41.2 3 14
github.com/jabong/florest-core/src/core/common/orchestrator/workflow_definition.go:46.77,48.18 2 9
github.com/jabong/florest-core/src/core/common/orchestrator/workflow_definition.go:52.2,53.12 2 9
github.com/jabong/florest-core/src/core/common/orchestrator/workflow_definition.go:58.2,59.12 2 9
github.com/jabong/florest-core/src/core/common/orchestrator/workflow_definition.go:48.18,50.3 1 0
github.com/jabong/florest-core/src/core/common/orchestrator/workflow_definition.go:53.12,56.3 2 0
github.com/jabong/florest-core/src/core/common/orchestrator/workflow_definition.go:66.77,67.25 1 9
github.com/jabong/florest-core/src/core/common/orchestrator/workflow_definition.go:72.2,74.24 2 9
github.com/jabong/florest-core/src/core/common/orchestrator/workflow_definition.go:67.25,70.3 2 0
github.com/jabong/florest-core/src/core/common/orchestrator/workflow_definition.go:80.92,83.18 2 17
github.com/jabong/florest-core/src/core/common/orchestrator/workflow_definition.go:87.2,88.11 2 17
github.com/jabong/florest-core/src/core/common/orchestrator/workflow_definition.go:93.2,95.12 2 17
github.com/jabong/florest-core/src/core/common/orchestrator/workflow_definition.go:83.18,85.3 1 0
github.com/jabong/florest-core/src/core/common/orchestrator/workflow_definition.go:88.11,91.3 2 0
github.com/jabong/florest-core/src/core/common/orchestrator/workflow_definition.go:103.69,106.18 2 3
github.com/jabong/florest-core/src/core/common/orchestrator/workflow_definition.go:110.2,111.25 2 3
github.com/jabong/florest-core/src/core/common/orchestrator/workflow_definition.go:115.2,116.24 2 3
github.com/jabong/florest-core/src/core/common/orchestrator/workflow_definition.go:120.2,121.11 2 3
github.com/jabong/florest-core/src/core/common/orchestrator/workflow_definition.go:126.2,132.12 5 3
github.com/jabong/florest-core/src/core/common/orchestrator/workflow_definition.go:106.18,108.3 1 0
github.com/jabong/florest-core/src/core/common/orchestrator/workflow_definition.go:111.25,113.3 1 0
github.com/jabong/florest-core/src/core/common/orchestrator/workflow_definition.go:116.24,118.3 1 0
github.com/jabong/florest-core/src/core/common/orchestrator/workflow_definition.go:121.11,124.3 2 0
github.com/jabong/florest-core/src/core/common/orchestrator/workflow_definition.go:139.43,142.18 2 2
github.com/jabong/florest-core/src/core/common/orchestrator/workflow_definition.go:146.2,147.27 2 2
github.com/jabong/florest-core/src/core/common/orchestrator/workflow_definition.go:151.2,152.11 2 2
github.com/jabong/florest-core/src/core/common/orchestrator/workflow_definition.go:157.2,158.46 2 2
github.com/jabong/florest-core/src/core/common/orchestrator/workflow_definition.go:161.2,163.12 2 2
github.com/jabong/florest-core/src/core/common/orchestrator/workflow_definition.go:142.18,144.3 1 0
github.com/jabong/florest-core/src/core/common/orchestrator/workflow_definition.go:147.27,149.3 1 0
github.com/jabong/florest-core/src/core/common/orchestrator/workflow_definition.go:152.11,155.3 2 0
github.com/jabong/florest-core/src/core/common/orchestrator/workflow_definition.go:158.46,160.3 1 4
github.com/jabong/florest-core/src/core/common/orchestrator/workflow_definition.go:166.90,169.29 2 2
github.com/jabong/florest-core/src/core/common/orchestrator/workflow_definition.go:177.2,177.17 1 2
github.com/jabong/florest-core/src/core/common/orchestrator/workflow_definition.go:169.29,171.19 2 4
github.com/jabong/florest-core/src/core/common/orchestrator/workflow_definition.go:174.3,174.24 1 4
github.com/jabong/florest-core/src/core/common/orchestrator/workflow_definition.go:171.19,173.4 1 0
github.com/jabong/florest-core/src/core/common/orchestrator/workflow_definition.go:183.84,185.18 2 2
github.com/jabong/florest-core/src/core/common/orchestrator/workflow_definition.go:189.2,190.11 2 2
github.com/jabong/florest-core/src/core/common/orchestrator/workflow_definition.go:195.2,197.12 2 2
github.com/jabong/florest-core/src/core/common/orchestrator/workflow_definition.go:185.18,187.3 1 0
github.com/jabong/florest-core/src/core/common/orchestrator/workflow_definition.go:190.11,193.3 2 0
github.com/jabong/florest-core/src/core/common/orchestrator/workflow_definition.go:204.38,207.26 2 7
github.com/jabong/florest-core/src/core/common/orchestrator/workflow_definition.go:211.2,212.24 2 7
github.com/jabong/florest-core/src/core/common/orchestrator/workflow_definition.go:216.2,217.20 2 7
github.com/jabong/florest-core/src/core/common/orchestrator/workflow_definition.go:222.2,223.18 2 7
github.com/jabong/florest-core/src/core/common/orchestrator/workflow_definition.go:228.2,229.20 2 7
github.com/jabong/florest-core/src/core/common/orchestrator/workflow_definition.go:234.2,237.12 3 0
github.com/jabong/florest-core/src/core/common/orchestrator/workflow_definition.go:207.26,209.3 1 0
github.com/jabong/florest-core/src/core/common/orchestrator/workflow_definition.go:212.24,214.3 1 0
github.com/jabong/florest-core/src/core/common/orchestrator/workflow_definition.go:217.20,220.3 2 0
github.com/jabong/florest-core/src/core/common/orchestrator/workflow_definition.go:223.18,226.3 2 0
github.com/jabong/florest-core/src/core/common/orchestrator/workflow_definition.go:229.20,232.3 2 7
github.com/jabong/florest-core/src/core/common/orchestrator/workflow_definition.go:242.60,245.17 2 8
github.com/jabong/florest-core/src/core/common/orchestrator/workflow_definition.go:249.2,249.77 1 8
github.com/jabong/florest-core/src/core/common/orchestrator/workflow_definition.go:245.17,247.3 1 0
github.com/jabong/florest-core/src/core/common/orchestrator/workflow_definition.go:252.46,259.2 6 2
github.com/jabong/florest-core/src/core/common/orchestrator/workflow_definition.go:263.27,267.12 3 2
github.com/jabong/florest-core/src/core/common/orchestrator/workflow_definition.go:270.2,270.43 1 2
github.com/jabong/florest-core/src/core/common/orchestrator/workflow_definition.go:283.2,283.12 1 2
github.com/jabong/florest-core/src/core/common/orchestrator/workflow_definition.go:267.12,269.3 1 0
github.com/jabong/florest-core/src/core/common/orchestrator/workflow_definition.go:270.43,272.18 2 4
github.com/jabong/florest-core/src/core/common/orchestrator/workflow_definition.go:276.3,279.18 3 4
github.com/jabong/florest-core/src/core/common/orchestrator/workflow_definition.go:272.18,274.4 1 0
github.com/jabong/florest-core/src/core/common/orchestrator/workflow_definition.go:279.18,281.4 1 0
github.com/jabong/florest-core/src/core/common/orchestrator/workflow_definition.go:288.27,290.20 1 4
github.com/jabong/florest-core/src/core/common/orchestrator/workflow_definition.go:293.2,296.9 3 4
github.com/jabong/florest-core/src/core/common/orchestrator/workflow_definition.go:299.2,300.17 2 4
github.com/jabong/florest-core/src/core/common/orchestrator/workflow_definition.go:303.2,305.31 3 4
github.com/jabong/florest-core/src/core/common/orchestrator/workflow_definition.go:308.2,310.66 3 0
github.com/jabong/florest-core/src/core/common/orchestrator/workflow_definition.go:290.20,292.3 1 0
github.com/jabong/florest-core/src/core/common/orchestrator/workflow_definition.go:296.9,298.3 1 0
github.com/jabong/florest-core/src/core/common/orchestrator/workflow_definition.go:300.17,302.3 1 0
github.com/jabong/florest-core/src/core/common/orchestrator/workflow_definition.go:305.31,307.3 1 4
github.com/jabong/florest-core/src/core/common/orchestrator/workflow_definition.go:315.27,318.31 2 14
github.com/jabong/florest-core/src/core/common/orchestrator/workflow_definition.go:321.2,323.66 3 6
github.com/jabong/florest-core/src/core/common/orchestrator/workflow_definition.go:318.31,320.3 1 8
github.com/jabong/florest-core/src/core/common/orchestrator/workflow_definition.go:328.27,331.31 2 2
github.com/jabong/florest-core/src/core/common/orchestrator/workflow_definition.go:335.2,335.35 1 2
github.com/jabong/florest-core/src/core/common/orchestrator/workflow_definition.go:348.2,348.12 1 2
github.com/jabong/florest-core/src/core/common/orchestrator/workflow_definition.go:331.31,333.3 1 0
github.com/jabong/florest-core/src/core/common/orchestrator/workflow_definition.go:335.35,337.21 2 4
github.com/jabong/florest-core/src/core/common/orchestrator/workflow_definition.go:341.3,344.18 3 4
github.com/jabong/florest-core/src/core/common/orchestrator/workflow_definition.go:337.21,339.4 1 0
github.com/jabong/florest-core/src/core/common/orchestrator/workflow_definition.go:344.18,346.4 1 0
github.com/jabong/florest-core/src/core/common/orchestrator/workflow_definition.go:353.27,356.62 1 22
github.com/jabong/florest-core/src/core/common/orchestrator/workflow_definition.go:361.2,361.41 1 22
github.com/jabong/florest-core/src/core/common/orchestrator/workflow_definition.go:365.2,365.62 1 22
github.com/jabong/florest-core/src/core/common/orchestrator/workflow_definition.go:370.2,370.62 1 20
github.com/jabong/florest-core/src/core/common/orchestrator/workflow_definition.go:375.2,375.65 1 16
github.com/jabong/florest-core/src/core/common/orchestrator/workflow_definition.go:380.2,380.70 1 2
github.com/jabong/florest-core/src/core/common/orchestrator/workflow_definition.go:385.2,385.40 1 0
github.com/jabong/florest-core/src/core/common/orchestrator/workflow_definition.go:356.62,358.3 1 0
github.com/jabong/florest-core/src/core/common/orchestrator/workflow_definition.go:361.41,363.3 1 0
github.com/jabong/florest-core/src/core/common/orchestrator/workflow_definition.go:365.62,368.3 1 2
github.com/jabong/florest-core/src/core/common/orchestrator/workflow_definition.go:370.62,373.3 1 4
github.com/jabong/florest-core/src/core/common/orchestrator/workflow_definition.go:375.65,378.3 1 14
github.com/jabong/florest-core/src/core/common/orchestrator/workflow_definition.go:380.70,383.3 1 2
github.com/jabong/florest-core/src/core/common/orchestrator/workflow_ec_inmemory_impl.go:24.82,27.12 2 6
github.com/jabong/florest-core/src/core/common/orchestrator/workflow_ec_inmemory_impl.go:31.2,31.17 1 6
github.com/jabong/florest-core/src/core/common/orchestrator/workflow_ec_inmemory_impl.go:27.12,30.3 2 0
github.com/jabong/florest-core/src/core/common/orchestrator/workflow_ec_inmemory_impl.go:34.82,35.21 1 6
github.com/jabong/florest-core/src/core/common/orchestrator/workflow_ec_inmemory_impl.go:38.2,39.12 2 6
github.com/jabong/florest-core/src/core/common/orchestrator/workflow_ec_inmemory_impl.go:35.21,37.3 1 5
github.com/jabong/florest-core/src/core/common/orchestrator/workflow_ec_inmemory_impl.go:42.89,44.2 1 1
github.com/jabong/florest-core/src/core/common/orchestrator/workflow_ec_inmemory_impl.go:46.91,48.42 2 1
github.com/jabong/florest-core/src/core/common/orchestrator/workflow_ec_inmemory_impl.go:51.2,51.25 1 1
github.com/jabong/florest-core/src/core/common/orchestrator/workflow_ec_inmemory_impl.go:48.42,50.3 1 1
github.com/jabong/florest-core/src/core/common/orchestrator/workflow_ec_inmemory_impl.go:54.92,56.31 2 1
github.com/jabong/florest-core/src/core/common/orchestrator/workflow_ec_inmemory_impl.go:59.2,59.29 1 1
github.com/jabong/florest-core/src/core/common/orchestrator/workflow_ec_inmemory_impl.go:56.31,58.3 1 1
github.com/jabong/florest-core/src/core/common/orchestrator/workflow_ec_inmemory_impl.go:62.71,64.2 1 1
github.com/jabong/florest-core/src/core/common/orchestrator/workflow_ec_inmemory_impl.go:66.90,67.21 1 1
github.com/jabong/florest-core/src/core/common/orchestrator/workflow_ec_inmemory_impl.go:71.2,72.17 2 1
github.com/jabong/florest-core/src/core/common/orchestrator/workflow_ec_inmemory_impl.go:75.2,76.9 2 1
github.com/jabong/florest-core/src/core/common/orchestrator/workflow_ec_inmemory_impl.go:79.2,79.14 1 1
github.com/jabong/florest-core/src/core/common/orchestrator/workflow_ec_inmemory_impl.go:83.2,86.12 2 1
github.com/jabong/florest-core/src/core/common/orchestrator/workflow_ec_inmemory_impl.go:93.2,94.8 2 0
github.com/jabong/florest-core/src/core/common/orchestrator/workflow_ec_inmemory_impl.go:97.2,98.12 2 0
github.com/jabong/florest-core/src/core/common/orchestrator/workflow_ec_inmemory_impl.go:67.21,69.3 1 0
github.com/jabong/florest-core/src/core/common/orchestrator/workflow_ec_inmemory_impl.go:72.17,74.3 1 0
github.com/jabong/florest-core/src/core/common/orchestrator/workflow_ec_inmemory_impl.go:76.9,78.3 1 0
github.com/jabong/florest-core/src/core/common/orchestrator/workflow_ec_inmemory_impl.go:79.14,81.3 1 0
github.com/jabong/florest-core/src/core/common/orchestrator/workflow_ec_inmemory_impl.go:86.12,90.3 3 1
github.com/jabong/florest-core/src/core/common/orchestrator/workflow_ec_inmemory_impl.go:94.8,96.3 1 0
github.com/jabong/florest-core/src/core/common/orchestrator/workflow_ec_inmemory_impl.go:101.80,103.56 2 1
github.com/jabong/florest-core/src/core/common/orchestrator/workflow_ec_inmemory_impl.go:109.2,109.17 1 1
github.com/jabong/florest-core/src/core/common/orchestrator/workflow_ec_inmemory_impl.go:103.56,105.25 2 1
github.com/jabong/florest-core/src/core/common/orchestrator/workflow_ec_inmemory_impl.go:105.25,107.4 1 1
github.com/jabong/florest-core/src/core/common/orchestrator/orchestrator.go:20.64,22.2 1 0
github.com/jabong/florest-core/src/core/common/orchestrator/orchestrator.go:28.77,30.18 2 7
github.com/jabong/florest-core/src/core/common/orchestrator/orchestrator.go:33.2,34.12 2 7
github.com/jabong/florest-core/src/core/common/orchestrator/orchestrator.go:30.18,32.3 1 0
github.com/jabong/florest-core/src/core/common/orchestrator/orchestrator.go:41.82,46.16 3 6
github.com/jabong/florest-core/src/core/common/orchestrator/orchestrator.go:50.2,53.12 3 6
github.com/jabong/florest-core/src/core/common/orchestrator/orchestrator.go:57.2,58.31 2 3
github.com/jabong/florest-core/src/core/common/orchestrator/orchestrator.go:46.16,49.3 2 0
github.com/jabong/florest-core/src/core/common/orchestrator/orchestrator.go:53.12,55.3 1 3
github.com/jabong/florest-core/src/core/common/orchestrator/orchestrator.go:65.82,70.16 3 2
github.com/jabong/florest-core/src/core/common/orchestrator/orchestrator.go:75.2,77.12 2 2
github.com/jabong/florest-core/src/core/common/orchestrator/orchestrator.go:81.2,81.9 1 2
github.com/jabong/florest-core/src/core/common/orchestrator/orchestrator.go:86.2,86.10 1 2
github.com/jabong/florest-core/src/core/common/orchestrator/orchestrator.go:91.2,91.31 1 2
github.com/jabong/florest-core/src/core/common/orchestrator/orchestrator.go:70.16,73.3 2 0
github.com/jabong/florest-core/src/core/common/orchestrator/orchestrator.go:77.12,79.3 1 0
github.com/jabong/florest-core/src/core/common/orchestrator/orchestrator.go:81.9,84.3 1 1
github.com/jabong/florest-core/src/core/common/orchestrator/orchestrator.go:86.10,89.3 1 1
github.com/jabong/florest-core/src/core/common/orchestrator/orchestrator.go:98.36,102.2 1 2
github.com/jabong/florest-core/src/core/common/orchestrator/orchestrator.go:108.82,116.43 4 1
github.com/jabong/florest-core/src/core/common/orchestrator/orchestrator.go:121.2,122.40 2 1
github.com/jabong/florest-core/src/core/common/orchestrator/orchestrator.go:128.2,129.12 2 1
github.com/jabong/florest-core/src/core/common/orchestrator/orchestrator.go:134.2,135.59 2 1
github.com/jabong/florest-core/src/core/common/orchestrator/orchestrator.go:140.2,140.19 1 0
github.com/jabong/florest-core/src/core/common/orchestrator/orchestrator.go:116.43,119.3 2 2
github.com/jabong/florest-core/src/core/common/orchestrator/orchestrator.go:122.40,125.3 2 2
github.com/jabong/florest-core/src/core/common/orchestrator/orchestrator.go:129.12,133.3 3 0
github.com/jabong/florest-core/src/core/common/orchestrator/orchestrator.go:135.59,138.3 2 1
github.com/jabong/florest-core/src/core/common/orchestrator/orchestrator.go:148.82,152.16 3 1
github.com/jabong/florest-core/src/core/common/orchestrator/orchestrator.go:156.2,160.12 3 1
github.com/jabong/florest-core/src/core/common/orchestrator/orchestrator.go:164.2,165.31 2 0
github.com/jabong/florest-core/src/core/common/orchestrator/orchestrator.go:152.16,155.3 2 0
github.com/jabong/florest-core/src/core/common/orchestrator/orchestrator.go:160.12,162.3 1 1
github.com/jabong/florest-core/src/core/common/orchestrator/orchestrator.go:172.40,177.25 2 9
github.com/jabong/florest-core/src/core/common/orchestrator/orchestrator.go:181.2,182.12 2 9
github.com/jabong/florest-core/src/core/common/orchestrator/orchestrator.go:187.2,192.61 4 9
github.com/jabong/florest-core/src/core/common/orchestrator/orchestrator.go:198.2,198.66 1 9
github.com/jabong/florest-core/src/core/common/orchestrator/orchestrator.go:204.2,204.60 1 9
github.com/jabong/florest-core/src/core/common/orchestrator/orchestrator.go:210.2,210.35 1 9
github.com/jabong/florest-core/src/core/common/orchestrator/orchestrator.go:214.2,215.67 2 3
github.com/jabong/florest-core/src/core/common/orchestrator/orchestrator.go:177.25,179.3 1 0
github.com/jabong/florest-core/src/core/common/orchestrator/orchestrator.go:182.12,186.3 3 0
github.com/jabong/florest-core/src/core/common/orchestrator/orchestrator.go:192.61,196.3 2 6
github.com/jabong/florest-core/src/core/common/orchestrator/orchestrator.go:198.66,202.3 2 2
github.com/jabong/florest-core/src/core/common/orchestrator/orchestrator.go:204.60,208.3 2 1
github.com/jabong/florest-core/src/core/common/orchestrator/orchestrator.go:210.35,213.3 1 6
github.com/jabong/florest-core/src/core/common/orchestrator/orchestrator.go:223.66,225.23 1 4
github.com/jabong/florest-core/src/core/common/orchestrator/orchestrator.go:229.2,229.60 1 4
github.com/jabong/florest-core/src/core/common/orchestrator/orchestrator.go:225.23,228.3 2 0
github.com/jabong/florest-core/src/core/common/orchestrator/orchestrator.go:232.40,234.2 1 1
github.com/jabong/florest-core/src/core/common/orchestrator/orchestrator.go:239.49,241.2 1 1
github.com/jabong/florest-core/src/core/common/orchestrator/workflow_data.go:15.87,17.2 1 10
github.com/jabong/florest-core/src/core/common/orchestrator/workflow_data.go:22.66,24.2 1 5
github.com/jabong/florest-core/src/core/common/orchestrator/workflow_data.go:29.95,35.2 4 6
github.com/jabong/florest-core/src/core/common/orchestrator/workflow_data.go:40.45,47.2 3 2
github.com/jabong/florest-core/src/core/common/orchestrator/workflow_io_inmemory_impl.go:12.82,15.12 2 3
github.com/jabong/florest-core/src/core/common/orchestrator/workflow_io_inmemory_impl.go:19.2,19.17 1 3
github.com/jabong/florest-core/src/core/common/orchestrator/workflow_io_inmemory_impl.go:15.12,18.3 2 0
github.com/jabong/florest-core/src/core/common/orchestrator/workflow_io_inmemory_impl.go:22.82,24.21 1 3
github.com/jabong/florest-core/src/core/common/orchestrator/workflow_io_inmemory_impl.go:28.2,29.12 2 3
github.com/jabong/florest-core/src/core/common/orchestrator/workflow_io_inmemory_impl.go:24.21,26.3 1 3
github.com/jabong/florest-core/src/core/common/orchestrator/workflow_io_inmemory_impl.go:32.63,35.21 2 2
github.com/jabong/florest-core/src/core/common/orchestrator/workflow_io_inmemory_impl.go:39.2,40.29 2 0
github.com/jabong/florest-core/src/core/common/orchestrator/workflow_io_inmemory_impl.go:43.2,43.16 1 0
github.com/jabong/florest-core/src/core/common/orchestrator/workflow_io_inmemory_impl.go:35.21,37.3 1 2
github.com/jabong/florest-core/src/core/common/orchestrator/workflow_io_inmemory_impl.go:40.29,42.3 1 0
