mode: atomic
github.com/jabong/florest-core/src/common/collections/maps/sortedmap/treemap/tmiterator.go:14.42,16.2 1 5
github.com/jabong/florest-core/src/common/collections/maps/sortedmap/treemap/tmiterator.go:19.53,21.2 1 5
github.com/jabong/florest-core/src/common/collections/maps/sortedmap/treemap/tmiterator.go:25.35,27.2 1 1
github.com/jabong/florest-core/src/common/collections/maps/sortedmap/treemap/treemap.go:17.54,19.2 1 6
github.com/jabong/florest-core/src/common/collections/maps/sortedmap/treemap/treemap.go:23.55,25.2 1 27
github.com/jabong/florest-core/src/common/collections/maps/sortedmap/treemap/treemap.go:30.68,32.2 1 11
github.com/jabong/florest-core/src/common/collections/maps/sortedmap/treemap/treemap.go:36.39,38.2 1 11
github.com/jabong/florest-core/src/common/collections/maps/sortedmap/treemap/treemap.go:41.36,43.2 1 4
github.com/jabong/florest-core/src/common/collections/maps/sortedmap/treemap/treemap.go:46.42,47.40 1 1
github.com/jabong/florest-core/src/common/collections/maps/sortedmap/treemap/treemap.go:50.2,50.12 1 0
github.com/jabong/florest-core/src/common/collections/maps/sortedmap/treemap/treemap.go:47.40,49.3 1 1
github.com/jabong/florest-core/src/common/collections/maps/sortedmap/treemap/treemap.go:54.41,55.41 1 1
github.com/jabong/florest-core/src/common/collections/maps/sortedmap/treemap/treemap.go:58.2,58.12 1 0
github.com/jabong/florest-core/src/common/collections/maps/sortedmap/treemap/treemap.go:55.41,57.3 1 1
github.com/jabong/florest-core/src/common/collections/maps/sortedmap/treemap/treemap.go:62.30,64.2 1 2
github.com/jabong/florest-core/src/common/collections/maps/sortedmap/treemap/treemap.go:67.26,69.2 1 4
github.com/jabong/florest-core/src/common/collections/maps/sortedmap/treemap/treemap.go:72.38,74.2 1 4
github.com/jabong/florest-core/src/common/collections/maps/sortedmap/treemap/treemap.go:77.23,79.2 1 1
github.com/jabong/florest-core/src/common/collections/maps/sortedmap/treemap/treemap.go:82.50,84.2 1 2
github.com/jabong/florest-core/src/common/collections/maps/sortedmap/treemap/treemap.go:87.47,89.2 1 3
github.com/jabong/florest-core/src/common/collections/maps/sortedmap/treemap/treemap.go:92.54,94.2 1 0
github.com/jabong/florest-core/src/common/collections/maps/sortedmap/treemap/treemap.go:97.31,100.19 3 0
github.com/jabong/florest-core/src/common/collections/maps/sortedmap/treemap/treemap.go:104.2,104.42 1 0
github.com/jabong/florest-core/src/common/collections/maps/sortedmap/treemap/treemap.go:100.19,103.3 2 0
