mode: atomic
github.com/jabong/florest-core/src/common/collections/maps/concurrentmap/concurrenthashmap/concurrenthashmap.go:18.17,20.2 1 3
github.com/jabong/florest-core/src/common/collections/maps/concurrentmap/concurrenthashmap/concurrenthashmap.go:23.55,27.2 3 18
github.com/jabong/florest-core/src/common/collections/maps/concurrentmap/concurrenthashmap/concurrenthashmap.go:30.63,34.12 4 2
github.com/jabong/florest-core/src/common/collections/maps/concurrentmap/concurrenthashmap/concurrenthashmap.go:34.12,36.3 1 1
github.com/jabong/florest-core/src/common/collections/maps/concurrentmap/concurrenthashmap/concurrenthashmap.go:41.68,46.2 4 11
github.com/jabong/florest-core/src/common/collections/maps/concurrentmap/concurrenthashmap/concurrenthashmap.go:49.39,53.2 3 11
github.com/jabong/florest-core/src/common/collections/maps/concurrentmap/concurrenthashmap/concurrenthashmap.go:56.30,58.2 1 2
github.com/jabong/florest-core/src/common/collections/maps/concurrentmap/concurrenthashmap/concurrenthashmap.go:62.26,67.2 4 14
github.com/jabong/florest-core/src/common/collections/maps/concurrentmap/concurrenthashmap/concurrenthashmap.go:70.36,75.27 5 4
github.com/jabong/florest-core/src/common/collections/maps/concurrentmap/concurrenthashmap/concurrenthashmap.go:79.2,79.13 1 4
github.com/jabong/florest-core/src/common/collections/maps/concurrentmap/concurrenthashmap/concurrenthashmap.go:75.27,78.3 2 9
github.com/jabong/florest-core/src/common/collections/maps/concurrentmap/concurrenthashmap/concurrenthashmap.go:83.38,88.32 5 4
github.com/jabong/florest-core/src/common/collections/maps/concurrentmap/concurrenthashmap/concurrenthashmap.go:92.2,92.15 1 4
github.com/jabong/florest-core/src/common/collections/maps/concurrentmap/concurrenthashmap/concurrenthashmap.go:88.32,91.3 2 9
github.com/jabong/florest-core/src/common/collections/maps/concurrentmap/concurrenthashmap/concurrenthashmap.go:96.50,99.27 3 2
github.com/jabong/florest-core/src/common/collections/maps/concurrentmap/concurrenthashmap/concurrenthashmap.go:105.2,105.13 1 1
github.com/jabong/florest-core/src/common/collections/maps/concurrentmap/concurrenthashmap/concurrenthashmap.go:99.27,101.13 2 7
github.com/jabong/florest-core/src/common/collections/maps/concurrentmap/concurrenthashmap/concurrenthashmap.go:101.13,103.4 1 1
github.com/jabong/florest-core/src/common/collections/maps/concurrentmap/concurrenthashmap/concurrenthashmap.go:109.23,113.2 3 1
github.com/jabong/florest-core/src/common/collections/maps/concurrentmap/concurrenthashmap/concurrenthashmap.go:116.31,120.34 4 0
github.com/jabong/florest-core/src/common/collections/maps/concurrentmap/concurrenthashmap/concurrenthashmap.go:123.2,123.42 1 0
github.com/jabong/florest-core/src/common/collections/maps/concurrentmap/concurrenthashmap/concurrenthashmap.go:120.34,122.3 1 0
