mode: atomic
github.com/jabong/florest-core/src/common/collections/sets/linkedhashset/lhsiterator.go:15.42,17.2 1 5
github.com/jabong/florest-core/src/common/collections/sets/linkedhashset/lhsiterator.go:20.53,22.17 2 5
github.com/jabong/florest-core/src/common/collections/sets/linkedhashset/lhsiterator.go:25.2,27.51 3 4
github.com/jabong/florest-core/src/common/collections/sets/linkedhashset/lhsiterator.go:22.17,24.3 1 1
github.com/jabong/florest-core/src/common/collections/sets/linkedhashset/lhsiterator.go:32.35,35.2 2 1
github.com/jabong/florest-core/src/common/collections/sets/linkedhashset/linkedhashset.go:19.17,21.2 1 5
github.com/jabong/florest-core/src/common/collections/sets/linkedhashset/linkedhashset.go:24.43,25.29 1 12
github.com/jabong/florest-core/src/common/collections/sets/linkedhashset/linkedhashset.go:25.29,27.3 1 17
github.com/jabong/florest-core/src/common/collections/sets/linkedhashset/linkedhashset.go:31.46,32.29 1 6
github.com/jabong/florest-core/src/common/collections/sets/linkedhashset/linkedhashset.go:32.29,34.3 1 4
github.com/jabong/florest-core/src/common/collections/sets/linkedhashset/linkedhashset.go:38.53,40.2 1 6
github.com/jabong/florest-core/src/common/collections/sets/linkedhashset/linkedhashset.go:43.32,45.2 1 1
github.com/jabong/florest-core/src/common/collections/sets/linkedhashset/linkedhashset.go:48.28,50.2 1 4
github.com/jabong/florest-core/src/common/collections/sets/linkedhashset/linkedhashset.go:53.40,55.2 1 1
github.com/jabong/florest-core/src/common/collections/sets/linkedhashset/linkedhashset.go:58.25,60.2 1 1
github.com/jabong/florest-core/src/common/collections/sets/linkedhashset/linkedhashset.go:63.49,65.2 1 3
github.com/jabong/florest-core/src/common/collections/sets/linkedhashset/linkedhashset.go:68.33,70.33 2 0
github.com/jabong/florest-core/src/common/collections/sets/linkedhashset/linkedhashset.go:73.2,73.36 1 0
github.com/jabong/florest-core/src/common/collections/sets/linkedhashset/linkedhashset.go:70.33,72.3 1 0
