mode: atomic
github.com/jabong/florest-core/src/common/profiler/profiler.go:28.30,30.2 1 0
github.com/jabong/florest-core/src/common/profiler/profiler.go:33.30,34.45 1 0
github.com/jabong/florest-core/src/common/profiler/profiler.go:37.2,37.22 1 0
github.com/jabong/florest-core/src/common/profiler/profiler.go:34.45,36.3 1 0
github.com/jabong/florest-core/src/common/profiler/profiler.go:42.45,43.45 1 0
github.com/jabong/florest-core/src/common/profiler/profiler.go:46.2,47.13 2 0
github.com/jabong/florest-core/src/common/profiler/profiler.go:43.45,45.3 1 0
github.com/jabong/florest-core/src/common/profiler/profiler.go:51.39,52.45 1 0
github.com/jabong/florest-core/src/common/profiler/profiler.go:55.2,58.10 4 0
github.com/jabong/florest-core/src/common/profiler/profiler.go:52.45,54.3 1 0
github.com/jabong/florest-core/src/common/profiler/profiler.go:62.62,64.18 2 0
github.com/jabong/florest-core/src/common/profiler/profiler.go:67.2,67.10 1 0
github.com/jabong/florest-core/src/common/profiler/profiler.go:64.18,66.3 1 0
github.com/jabong/florest-core/src/common/profiler/profiler.go:72.74,74.18 2 0
github.com/jabong/florest-core/src/common/profiler/profiler.go:77.2,77.10 1 0
github.com/jabong/florest-core/src/common/profiler/profiler.go:74.18,76.3 1 0
github.com/jabong/florest-core/src/common/profiler/profiler.go:81.73,83.18 2 0
github.com/jabong/florest-core/src/common/profiler/profiler.go:86.2,86.10 1 0
github.com/jabong/florest-core/src/common/profiler/profiler.go:83.18,85.3 1 0
github.com/jabong/florest-core/src/common/profiler/profiler.go:91.95,93.18 2 0
github.com/jabong/florest-core/src/common/profiler/profiler.go:96.2,96.10 1 0
github.com/jabong/florest-core/src/common/profiler/profiler.go:93.18,95.3 1 0
