mode: atomic
github.com/jabong/florest-core/src/components/sqldb/mysql_db_impl.go:15.64,26.16 3 1
github.com/jabong/florest-core/src/components/sqldb/mysql_db_impl.go:35.2,35.16 1 1
github.com/jabong/florest-core/src/components/sqldb/mysql_db_impl.go:39.2,39.13 1 1
github.com/jabong/florest-core/src/components/sqldb/mysql_db_impl.go:26.16,33.3 3 1
github.com/jabong/florest-core/src/components/sqldb/mysql_db_impl.go:35.16,37.3 1 1
github.com/jabong/florest-core/src/components/sqldb/mysql_db_impl.go:43.89,45.16 2 0
github.com/jabong/florest-core/src/components/sqldb/mysql_db_impl.go:48.2,48.18 1 0
github.com/jabong/florest-core/src/components/sqldb/mysql_db_impl.go:45.16,47.3 1 0
github.com/jabong/florest-core/src/components/sqldb/mysql_db_impl.go:52.92,54.16 2 0
github.com/jabong/florest-core/src/components/sqldb/mysql_db_impl.go:57.2,57.17 1 0
github.com/jabong/florest-core/src/components/sqldb/mysql_db_impl.go:54.16,56.3 1 0
github.com/jabong/florest-core/src/components/sqldb/mysql_db_impl.go:60.58,62.16 2 0
github.com/jabong/florest-core/src/components/sqldb/mysql_db_impl.go:65.2,65.17 1 0
github.com/jabong/florest-core/src/components/sqldb/mysql_db_impl.go:62.16,64.3 1 0
github.com/jabong/florest-core/src/components/sqldb/mysql_db_impl.go:68.42,70.16 2 0
github.com/jabong/florest-core/src/components/sqldb/mysql_db_impl.go:73.2,73.12 1 0
github.com/jabong/florest-core/src/components/sqldb/mysql_db_impl.go:70.16,72.3 1 0
github.com/jabong/florest-core/src/components/sqldb/mysql_db_impl.go:76.43,78.16 2 0
github.com/jabong/florest-core/src/components/sqldb/mysql_db_impl.go:81.2,81.12 1 0
github.com/jabong/florest-core/src/components/sqldb/mysql_db_impl.go:78.16,80.3 1 0
github.com/jabong/florest-core/src/components/sqldb/sdb_errors.go:12.35,14.2 1 1
github.com/jabong/florest-core/src/components/sqldb/sdb_errors.go:30.73,35.2 4 4
github.com/jabong/florest-core/src/components/sqldb/sqldb_manager.go:12.66,13.39 1 1
github.com/jabong/florest-core/src/components/sqldb/sqldb_manager.go:13.39,14.34 1 1
github.com/jabong/florest-core/src/components/sqldb/sqldb_manager.go:18.3,18.40 1 1
github.com/jabong/florest-core/src/components/sqldb/sqldb_manager.go:22.3,23.13 2 0
github.com/jabong/florest-core/src/components/sqldb/sqldb_manager.go:14.34,16.4 1 0
github.com/jabong/florest-core/src/components/sqldb/sqldb_manager.go:18.40,20.4 1 1
github.com/jabong/florest-core/src/components/sqldb/sqldb_manager.go:24.3,26.3 1 0
github.com/jabong/florest-core/src/components/sqldb/sqldb_manager.go:31.48,32.37 1 2
github.com/jabong/florest-core/src/components/sqldb/sqldb_manager.go:32.37,34.3 1 2
github.com/jabong/florest-core/src/components/sqldb/sqldb_manager.go:34.3,36.3 1 0
