mode: atomic
github.com/jabong/florest-core/src/core/common/workerpool/worker.go:13.58,22.2 2 0
github.com/jabong/florest-core/src/core/common/workerpool/worker.go:33.25,34.12 1 0
github.com/jabong/florest-core/src/core/common/workerpool/worker.go:34.12,35.16 1 0
github.com/jabong/florest-core/src/core/common/workerpool/worker.go:42.3,42.7 1 0
github.com/jabong/florest-core/src/core/common/workerpool/worker.go:35.16,37.32 1 0
github.com/jabong/florest-core/src/core/common/workerpool/worker.go:37.32,40.5 2 0
github.com/jabong/florest-core/src/core/common/workerpool/worker.go:42.7,46.11 2 0
github.com/jabong/florest-core/src/core/common/workerpool/worker.go:47.4,48.20 1 0
github.com/jabong/florest-core/src/core/common/workerpool/worker.go:49.4,52.11 2 0
github.com/jabong/florest-core/src/core/common/workerpool/worker.go:60.24,62.2 1 0
github.com/jabong/florest-core/src/core/common/workerpool/worker.go:65.36,67.2 1 0
github.com/jabong/florest-core/src/core/common/workerpool/worker.go:70.89,71.15 1 0
github.com/jabong/florest-core/src/core/common/workerpool/worker.go:79.2,87.40 5 0
github.com/jabong/florest-core/src/core/common/workerpool/worker.go:97.2,98.22 2 0
github.com/jabong/florest-core/src/core/common/workerpool/worker.go:102.2,103.22 2 0
github.com/jabong/florest-core/src/core/common/workerpool/worker.go:107.2,108.25 2 0
github.com/jabong/florest-core/src/core/common/workerpool/worker.go:112.2,112.27 1 0
github.com/jabong/florest-core/src/core/common/workerpool/worker.go:71.15,73.31 1 0
github.com/jabong/florest-core/src/core/common/workerpool/worker.go:73.31,76.4 2 0
github.com/jabong/florest-core/src/core/common/workerpool/worker.go:87.40,90.3 2 0
github.com/jabong/florest-core/src/core/common/workerpool/worker.go:90.3,94.3 3 0
github.com/jabong/florest-core/src/core/common/workerpool/worker.go:98.22,100.3 1 0
github.com/jabong/florest-core/src/core/common/workerpool/worker.go:103.22,105.3 1 0
github.com/jabong/florest-core/src/core/common/workerpool/worker.go:108.25,110.3 1 0
github.com/jabong/florest-core/src/core/common/workerpool/worker.go:112.27,114.3 1 0
github.com/jabong/florest-core/src/core/common/workerpool/worker.go:114.3,116.3 1 0
github.com/jabong/florest-core/src/core/common/workerpool/wp_executor.go:21.80,22.15 1 0
github.com/jabong/florest-core/src/core/common/workerpool/wp_executor.go:30.2,40.37 6 0
github.com/jabong/florest-core/src/core/common/workerpool/wp_executor.go:46.2,46.12 1 0
github.com/jabong/florest-core/src/core/common/workerpool/wp_executor.go:63.2,63.32 1 0
github.com/jabong/florest-core/src/core/common/workerpool/wp_executor.go:22.15,24.31 1 0
github.com/jabong/florest-core/src/core/common/workerpool/wp_executor.go:24.31,27.4 2 0
github.com/jabong/florest-core/src/core/common/workerpool/wp_executor.go:40.37,44.3 3 0
github.com/jabong/florest-core/src/core/common/workerpool/wp_executor.go:46.12,47.16 1 0
github.com/jabong/florest-core/src/core/common/workerpool/wp_executor.go:54.3,54.50 1 0
github.com/jabong/florest-core/src/core/common/workerpool/wp_executor.go:47.16,49.32 1 0
github.com/jabong/florest-core/src/core/common/workerpool/wp_executor.go:49.32,52.5 2 0
github.com/jabong/florest-core/src/core/common/workerpool/wp_executor.go:54.50,60.4 4 0
github.com/jabong/florest-core/src/core/common/workerpool/wp_executor.go:67.59,68.41 1 0
github.com/jabong/florest-core/src/core/common/workerpool/wp_executor.go:71.2,71.35 1 0
github.com/jabong/florest-core/src/core/common/workerpool/wp_executor.go:68.41,69.132 1 0
