mode: atomic
github.com/jabong/florest-core/src/common/collections/maps/hashmap/hashmap.go:13.17,15.2 1 3
github.com/jabong/florest-core/src/common/collections/maps/hashmap/hashmap.go:18.55,20.2 1 19
github.com/jabong/florest-core/src/common/collections/maps/hashmap/hashmap.go:24.68,27.2 2 11
github.com/jabong/florest-core/src/common/collections/maps/hashmap/hashmap.go:30.39,32.2 1 11
github.com/jabong/florest-core/src/common/collections/maps/hashmap/hashmap.go:35.30,37.2 1 2
github.com/jabong/florest-core/src/common/collections/maps/hashmap/hashmap.go:40.26,42.2 1 14
github.com/jabong/florest-core/src/common/collections/maps/hashmap/hashmap.go:45.36,48.23 3 4
github.com/jabong/florest-core/src/common/collections/maps/hashmap/hashmap.go:52.2,52.13 1 4
github.com/jabong/florest-core/src/common/collections/maps/hashmap/hashmap.go:48.23,51.3 2 9
github.com/jabong/florest-core/src/common/collections/maps/hashmap/hashmap.go:56.38,59.28 3 4
github.com/jabong/florest-core/src/common/collections/maps/hashmap/hashmap.go:63.2,63.15 1 4
github.com/jabong/florest-core/src/common/collections/maps/hashmap/hashmap.go:59.28,62.3 2 9
github.com/jabong/florest-core/src/common/collections/maps/hashmap/hashmap.go:67.50,68.27 1 2
github.com/jabong/florest-core/src/common/collections/maps/hashmap/hashmap.go:74.2,74.13 1 1
github.com/jabong/florest-core/src/common/collections/maps/hashmap/hashmap.go:68.27,70.13 2 7
github.com/jabong/florest-core/src/common/collections/maps/hashmap/hashmap.go:70.13,72.4 1 1
github.com/jabong/florest-core/src/common/collections/maps/hashmap/hashmap.go:78.23,80.2 1 1
github.com/jabong/florest-core/src/common/collections/maps/hashmap/hashmap.go:83.31,87.2 3 0
