mode: atomic
github.com/jabong/florest-core/src/common/collections/maps/linkedhashmap/lhmiterator.go:15.42,17.2 1 5
github.com/jabong/florest-core/src/common/collections/maps/linkedhashmap/lhmiterator.go:20.53,22.17 2 5
github.com/jabong/florest-core/src/common/collections/maps/linkedhashmap/lhmiterator.go:25.2,26.51 2 4
github.com/jabong/florest-core/src/common/collections/maps/linkedhashmap/lhmiterator.go:22.17,24.3 1 1
github.com/jabong/florest-core/src/common/collections/maps/linkedhashmap/lhmiterator.go:31.35,33.2 1 1
github.com/jabong/florest-core/src/common/collections/maps/linkedhashmap/linkedhashmap.go:26.56,28.2 1 20
github.com/jabong/florest-core/src/common/collections/maps/linkedhashmap/linkedhashmap.go:31.17,33.2 1 5
github.com/jabong/florest-core/src/common/collections/maps/linkedhashmap/linkedhashmap.go:36.55,38.12 2 22
github.com/jabong/florest-core/src/common/collections/maps/linkedhashmap/linkedhashmap.go:38.12,40.20 2 20
github.com/jabong/florest-core/src/common/collections/maps/linkedhashmap/linkedhashmap.go:48.3,48.18 1 20
github.com/jabong/florest-core/src/common/collections/maps/linkedhashmap/linkedhashmap.go:40.20,43.4 2 4
github.com/jabong/florest-core/src/common/collections/maps/linkedhashmap/linkedhashmap.go:43.4,47.4 3 16
github.com/jabong/florest-core/src/common/collections/maps/linkedhashmap/linkedhashmap.go:49.3,51.3 1 2
github.com/jabong/florest-core/src/common/collections/maps/linkedhashmap/linkedhashmap.go:56.68,59.11 3 11
github.com/jabong/florest-core/src/common/collections/maps/linkedhashmap/linkedhashmap.go:64.2,64.8 1 11
github.com/jabong/florest-core/src/common/collections/maps/linkedhashmap/linkedhashmap.go:59.11,61.3 1 9
github.com/jabong/florest-core/src/common/collections/maps/linkedhashmap/linkedhashmap.go:61.3,63.3 1 2
github.com/jabong/florest-core/src/common/collections/maps/linkedhashmap/linkedhashmap.go:68.39,70.11 2 11
github.com/jabong/florest-core/src/common/collections/maps/linkedhashmap/linkedhashmap.go:70.11,72.39 2 7
github.com/jabong/florest-core/src/common/collections/maps/linkedhashmap/linkedhashmap.go:72.39,75.4 2 1
github.com/jabong/florest-core/src/common/collections/maps/linkedhashmap/linkedhashmap.go:75.4,75.28 1 6
github.com/jabong/florest-core/src/common/collections/maps/linkedhashmap/linkedhashmap.go:75.28,78.4 2 2
github.com/jabong/florest-core/src/common/collections/maps/linkedhashmap/linkedhashmap.go:78.4,78.28 1 4
github.com/jabong/florest-core/src/common/collections/maps/linkedhashmap/linkedhashmap.go:78.28,81.4 2 3
github.com/jabong/florest-core/src/common/collections/maps/linkedhashmap/linkedhashmap.go:81.4,84.4 2 1
github.com/jabong/florest-core/src/common/collections/maps/linkedhashmap/linkedhashmap.go:89.30,91.2 1 2
github.com/jabong/florest-core/src/common/collections/maps/linkedhashmap/linkedhashmap.go:94.26,96.2 1 14
github.com/jabong/florest-core/src/common/collections/maps/linkedhashmap/linkedhashmap.go:99.36,102.64 3 4
github.com/jabong/florest-core/src/common/collections/maps/linkedhashmap/linkedhashmap.go:106.2,106.13 1 4
github.com/jabong/florest-core/src/common/collections/maps/linkedhashmap/linkedhashmap.go:102.64,105.3 2 9
github.com/jabong/florest-core/src/common/collections/maps/linkedhashmap/linkedhashmap.go:110.38,113.64 3 4
github.com/jabong/florest-core/src/common/collections/maps/linkedhashmap/linkedhashmap.go:117.2,117.15 1 4
github.com/jabong/florest-core/src/common/collections/maps/linkedhashmap/linkedhashmap.go:113.64,116.3 2 9
github.com/jabong/florest-core/src/common/collections/maps/linkedhashmap/linkedhashmap.go:121.50,122.27 1 2
github.com/jabong/florest-core/src/common/collections/maps/linkedhashmap/linkedhashmap.go:128.2,128.13 1 1
github.com/jabong/florest-core/src/common/collections/maps/linkedhashmap/linkedhashmap.go:122.27,124.13 2 7
github.com/jabong/florest-core/src/common/collections/maps/linkedhashmap/linkedhashmap.go:124.13,126.4 1 1
github.com/jabong/florest-core/src/common/collections/maps/linkedhashmap/linkedhashmap.go:132.23,136.2 3 1
github.com/jabong/florest-core/src/common/collections/maps/linkedhashmap/linkedhashmap.go:139.47,141.2 1 3
github.com/jabong/florest-core/src/common/collections/maps/linkedhashmap/linkedhashmap.go:144.31,146.64 2 0
github.com/jabong/florest-core/src/common/collections/maps/linkedhashmap/linkedhashmap.go:149.2,149.42 1 0
github.com/jabong/florest-core/src/common/collections/maps/linkedhashmap/linkedhashmap.go:146.64,148.3 1 0
