mode: atomic
github.com/jabong/florest-core/src/common/collections/sets/hashset/hashset.go:17.17,19.2 1 3
github.com/jabong/florest-core/src/common/collections/sets/hashset/hashset.go:22.43,23.29 1 9
github.com/jabong/florest-core/src/common/collections/sets/hashset/hashset.go:23.29,25.3 1 12
github.com/jabong/florest-core/src/common/collections/sets/hashset/hashset.go:29.46,30.29 1 6
github.com/jabong/florest-core/src/common/collections/sets/hashset/hashset.go:30.29,32.3 1 4
github.com/jabong/florest-core/src/common/collections/sets/hashset/hashset.go:36.53,37.29 1 6
github.com/jabong/florest-core/src/common/collections/sets/hashset/hashset.go:43.2,43.13 1 4
github.com/jabong/florest-core/src/common/collections/sets/hashset/hashset.go:37.29,39.13 2 9
github.com/jabong/florest-core/src/common/collections/sets/hashset/hashset.go:39.13,41.4 1 2
github.com/jabong/florest-core/src/common/collections/sets/hashset/hashset.go:47.32,49.2 1 1
github.com/jabong/florest-core/src/common/collections/sets/hashset/hashset.go:52.28,54.2 1 6
github.com/jabong/florest-core/src/common/collections/sets/hashset/hashset.go:57.25,59.2 1 1
github.com/jabong/florest-core/src/common/collections/sets/hashset/hashset.go:62.40,65.30 3 1
github.com/jabong/florest-core/src/common/collections/sets/hashset/hashset.go:69.2,69.15 1 1
github.com/jabong/florest-core/src/common/collections/sets/hashset/hashset.go:65.30,68.3 2 3
github.com/jabong/florest-core/src/common/collections/sets/hashset/hashset.go:73.33,75.30 2 0
github.com/jabong/florest-core/src/common/collections/sets/hashset/hashset.go:78.2,78.36 1 0
github.com/jabong/florest-core/src/common/collections/sets/hashset/hashset.go:75.30,77.3 1 0
