mode: atomic
github.com/jabong/florest-core/src/common/ratelimiter/gcra_rate_limiter.go:31.53,38.17 5 2
github.com/jabong/florest-core/src/common/ratelimiter/gcra_rate_limiter.go:42.2,47.17 4 2
github.com/jabong/florest-core/src/common/ratelimiter/gcra_rate_limiter.go:51.2,51.12 1 2
github.com/jabong/florest-core/src/common/ratelimiter/gcra_rate_limiter.go:38.17,40.3 1 0
github.com/jabong/florest-core/src/common/ratelimiter/gcra_rate_limiter.go:47.17,49.3 1 0
github.com/jabong/florest-core/src/common/ratelimiter/gcra_rate_limiter.go:58.36,63.17 3 27
github.com/jabong/florest-core/src/common/ratelimiter/gcra_rate_limiter.go:67.2,72.27 5 27
github.com/jabong/florest-core/src/common/ratelimiter/gcra_rate_limiter.go:63.17,65.3 1 0
github.com/jabong/florest-core/src/common/ratelimiter/http_rate_limiter.go:11.82,23.2 9 1
github.com/jabong/florest-core/src/common/ratelimiter/http_rate_limiter.go:25.65,31.2 2 0
github.com/jabong/florest-core/src/common/ratelimiter/http_rate_limiter.go:33.78,39.2 2 1
github.com/jabong/florest-core/src/common/ratelimiter/http_rate_limiter.go:42.31,43.54 1 2
github.com/jabong/florest-core/src/common/ratelimiter/http_rate_limiter.go:43.54,44.16 1 17
github.com/jabong/florest-core/src/common/ratelimiter/http_rate_limiter.go:50.3,53.17 3 7
github.com/jabong/florest-core/src/common/ratelimiter/http_rate_limiter.go:65.3,68.9 4 1
github.com/jabong/florest-core/src/common/ratelimiter/http_rate_limiter.go:44.16,48.4 2 10
github.com/jabong/florest-core/src/common/ratelimiter/http_rate_limiter.go:53.17,56.4 1 0
github.com/jabong/florest-core/src/common/ratelimiter/http_rate_limiter.go:56.4,56.22 1 7
github.com/jabong/florest-core/src/common/ratelimiter/http_rate_limiter.go:56.22,59.4 1 1
github.com/jabong/florest-core/src/common/ratelimiter/http_rate_limiter.go:59.4,63.4 2 6
github.com/jabong/florest-core/src/common/ratelimiter/ratelimiter_manager.go:7.54,8.17 1 5
github.com/jabong/florest-core/src/common/ratelimiter/ratelimiter_manager.go:13.2,13.23 1 5
github.com/jabong/florest-core/src/common/ratelimiter/ratelimiter_manager.go:17.2,17.23 1 3
github.com/jabong/florest-core/src/common/ratelimiter/ratelimiter_manager.go:21.2,21.36 1 2
github.com/jabong/florest-core/src/common/ratelimiter/ratelimiter_manager.go:30.2,30.17 1 2
github.com/jabong/florest-core/src/common/ratelimiter/ratelimiter_manager.go:8.17,11.3 2 0
github.com/jabong/florest-core/src/common/ratelimiter/ratelimiter_manager.go:13.23,15.3 1 2
github.com/jabong/florest-core/src/common/ratelimiter/ratelimiter_manager.go:17.23,19.3 1 1
github.com/jabong/florest-core/src/common/ratelimiter/ratelimiter_manager.go:22.2,24.23 2 2
github.com/jabong/florest-core/src/common/ratelimiter/ratelimiter_manager.go:25.2,27.23 2 0
github.com/jabong/florest-core/src/common/ratelimiter/ratelimiter_errors.go:12.32,14.2 1 0
github.com/jabong/florest-core/src/common/ratelimiter/ratelimiter_errors.go:22.70,27.2 4 3
