mode: atomic
github.com/jabong/florest-core/src/common/resilience/hystrix/h_datadog_metrics_collector.go:37.57,39.2 1 3
github.com/jabong/florest-core/src/common/resilience/hystrix/h_datadog_metrics_collector.go:44.55,46.2 1 2
github.com/jabong/florest-core/src/common/resilience/hystrix/h_datadog_metrics_collector.go:49.58,52.2 2 1
github.com/jabong/florest-core/src/common/resilience/hystrix/h_datadog_metrics_collector.go:55.57,57.2 1 2
github.com/jabong/florest-core/src/common/resilience/hystrix/h_datadog_metrics_collector.go:60.56,62.2 1 0
github.com/jabong/florest-core/src/common/resilience/hystrix/h_datadog_metrics_collector.go:66.62,69.2 2 0
github.com/jabong/florest-core/src/common/resilience/hystrix/h_datadog_metrics_collector.go:73.57,75.2 1 0
github.com/jabong/florest-core/src/common/resilience/hystrix/h_datadog_metrics_collector.go:79.66,81.2 1 0
github.com/jabong/florest-core/src/common/resilience/hystrix/h_datadog_metrics_collector.go:85.65,87.2 1 2
github.com/jabong/florest-core/src/common/resilience/hystrix/h_datadog_metrics_collector.go:90.87,93.2 2 3
github.com/jabong/florest-core/src/common/resilience/hystrix/h_datadog_metrics_collector.go:96.82,99.2 2 3
github.com/jabong/florest-core/src/common/resilience/hystrix/h_datadog_metrics_collector.go:102.45,102.47 0 3
github.com/jabong/florest-core/src/common/resilience/hystrix/h_datadog_metrics_collector.go:105.87,107.2 1 17
github.com/jabong/florest-core/src/common/resilience/hystrix/h_datadog_metrics_collector.go:110.54,112.2 1 2
github.com/jabong/florest-core/src/common/resilience/hystrix/h_datadog_metrics_collector.go:114.100,115.59 1 2
github.com/jabong/florest-core/src/common/resilience/hystrix/h_datadog_metrics_collector.go:115.59,121.3 1 3
github.com/jabong/florest-core/src/common/resilience/hystrix/hystrix.go:9.87,11.2 1 2
github.com/jabong/florest-core/src/common/resilience/hystrix/hystrix.go:14.58,23.2 2 2
github.com/jabong/florest-core/src/common/resilience/hystrix/hystrix.go:26.54,27.25 1 1
github.com/jabong/florest-core/src/common/resilience/hystrix/hystrix.go:27.25,29.3 1 2
github.com/jabong/florest-core/src/common/resilience/hystrix/hystrix.go:33.57,35.20 2 1
github.com/jabong/florest-core/src/common/resilience/hystrix/hystrix.go:38.2,39.28 2 1
github.com/jabong/florest-core/src/common/resilience/hystrix/hystrix.go:48.2,48.12 1 1
github.com/jabong/florest-core/src/common/resilience/hystrix/hystrix.go:35.20,37.3 1 0
github.com/jabong/florest-core/src/common/resilience/hystrix/hystrix.go:39.28,47.3 1 2
