mode: atomic
github.com/jabong/florest-core/src/common/collections/sets/sortedset/treeset/treeset.go:20.54,22.2 1 6
github.com/jabong/florest-core/src/common/collections/sets/sortedset/treeset/treeset.go:25.43,26.29 1 11
github.com/jabong/florest-core/src/common/collections/sets/sortedset/treeset/treeset.go:26.29,28.3 1 18
github.com/jabong/florest-core/src/common/collections/sets/sortedset/treeset/treeset.go:32.46,33.29 1 6
github.com/jabong/florest-core/src/common/collections/sets/sortedset/treeset/treeset.go:33.29,35.3 1 4
github.com/jabong/florest-core/src/common/collections/sets/sortedset/treeset/treeset.go:39.53,40.29 1 6
github.com/jabong/florest-core/src/common/collections/sets/sortedset/treeset/treeset.go:46.2,46.13 1 4
github.com/jabong/florest-core/src/common/collections/sets/sortedset/treeset/treeset.go:40.29,42.13 2 9
github.com/jabong/florest-core/src/common/collections/sets/sortedset/treeset/treeset.go:42.13,44.4 1 2
github.com/jabong/florest-core/src/common/collections/sets/sortedset/treeset/treeset.go:50.32,52.2 1 1
github.com/jabong/florest-core/src/common/collections/sets/sortedset/treeset/treeset.go:55.28,57.2 1 4
github.com/jabong/florest-core/src/common/collections/sets/sortedset/treeset/treeset.go:60.25,62.2 1 1
github.com/jabong/florest-core/src/common/collections/sets/sortedset/treeset/treeset.go:65.40,67.2 1 1
github.com/jabong/florest-core/src/common/collections/sets/sortedset/treeset/treeset.go:70.37,71.42 1 1
github.com/jabong/florest-core/src/common/collections/sets/sortedset/treeset/treeset.go:74.2,74.12 1 0
github.com/jabong/florest-core/src/common/collections/sets/sortedset/treeset/treeset.go:71.42,73.3 1 1
github.com/jabong/florest-core/src/common/collections/sets/sortedset/treeset/treeset.go:78.36,79.43 1 1
github.com/jabong/florest-core/src/common/collections/sets/sortedset/treeset/treeset.go:82.2,82.12 1 0
github.com/jabong/florest-core/src/common/collections/sets/sortedset/treeset/treeset.go:79.43,81.3 1 1
github.com/jabong/florest-core/src/common/collections/sets/sortedset/treeset/treeset.go:86.49,88.2 1 3
github.com/jabong/florest-core/src/common/collections/sets/sortedset/treeset/treeset.go:91.56,93.2 1 0
github.com/jabong/florest-core/src/common/collections/sets/sortedset/treeset/treeset.go:96.33,98.33 2 0
github.com/jabong/florest-core/src/common/collections/sets/sortedset/treeset/treeset.go:101.2,101.36 1 0
github.com/jabong/florest-core/src/common/collections/sets/sortedset/treeset/treeset.go:98.33,100.3 1 0
github.com/jabong/florest-core/src/common/collections/sets/sortedset/treeset/tsiterator.go:15.42,17.2 1 5
github.com/jabong/florest-core/src/common/collections/sets/sortedset/treeset/tsiterator.go:20.53,22.17 2 5
github.com/jabong/florest-core/src/common/collections/sets/sortedset/treeset/tsiterator.go:25.2,27.51 3 4
github.com/jabong/florest-core/src/common/collections/sets/sortedset/treeset/tsiterator.go:22.17,24.3 1 1
github.com/jabong/florest-core/src/common/collections/sets/sortedset/treeset/tsiterator.go:32.35,35.2 2 1
