mode: atomic
github.com/jabong/florest-core/src/common/monitor/dogstats_agent_impl.go:19.60,22.21 3 4
github.com/jabong/florest-core/src/common/monitor/dogstats_agent_impl.go:25.2,26.16 2 4
github.com/jabong/florest-core/src/common/monitor/dogstats_agent_impl.go:30.2,31.12 2 4
github.com/jabong/florest-core/src/common/monitor/dogstats_agent_impl.go:22.21,24.3 1 0
github.com/jabong/florest-core/src/common/monitor/dogstats_agent_impl.go:26.16,29.3 2 0
github.com/jabong/florest-core/src/common/monitor/dogstats_agent_impl.go:35.60,38.21 2 1
github.com/jabong/florest-core/src/common/monitor/dogstats_agent_impl.go:41.2,43.16 3 1
github.com/jabong/florest-core/src/common/monitor/dogstats_agent_impl.go:47.2,47.12 1 1
github.com/jabong/florest-core/src/common/monitor/dogstats_agent_impl.go:38.21,40.3 1 0
github.com/jabong/florest-core/src/common/monitor/dogstats_agent_impl.go:43.16,46.3 2 0
github.com/jabong/florest-core/src/common/monitor/dogstats_agent_impl.go:51.63,54.21 2 0
github.com/jabong/florest-core/src/common/monitor/dogstats_agent_impl.go:57.2,59.16 3 0
github.com/jabong/florest-core/src/common/monitor/dogstats_agent_impl.go:63.2,63.12 1 0
github.com/jabong/florest-core/src/common/monitor/dogstats_agent_impl.go:54.21,56.3 1 0
github.com/jabong/florest-core/src/common/monitor/dogstats_agent_impl.go:59.16,62.3 2 0
github.com/jabong/florest-core/src/common/monitor/dogstats_agent_impl.go:67.63,70.21 2 0
github.com/jabong/florest-core/src/common/monitor/dogstats_agent_impl.go:73.2,75.16 3 0
github.com/jabong/florest-core/src/common/monitor/dogstats_agent_impl.go:79.2,79.12 1 0
github.com/jabong/florest-core/src/common/monitor/dogstats_agent_impl.go:70.21,72.3 1 0
github.com/jabong/florest-core/src/common/monitor/dogstats_agent_impl.go:75.16,78.3 2 0
github.com/jabong/florest-core/src/common/monitor/dogstats_agent_impl.go:83.61,86.21 2 0
github.com/jabong/florest-core/src/common/monitor/dogstats_agent_impl.go:89.2,91.16 3 0
github.com/jabong/florest-core/src/common/monitor/dogstats_agent_impl.go:95.2,95.12 1 0
github.com/jabong/florest-core/src/common/monitor/dogstats_agent_impl.go:86.21,88.3 1 0
github.com/jabong/florest-core/src/common/monitor/dogstats_agent_impl.go:91.16,94.3 2 0
github.com/jabong/florest-core/src/common/monitor/dogstats_agent_impl.go:100.105,103.21 2 1
github.com/jabong/florest-core/src/common/monitor/dogstats_agent_impl.go:106.2,107.16 2 1
github.com/jabong/florest-core/src/common/monitor/dogstats_agent_impl.go:111.2,111.12 1 1
github.com/jabong/florest-core/src/common/monitor/dogstats_agent_impl.go:103.21,105.3 1 0
github.com/jabong/florest-core/src/common/monitor/dogstats_agent_impl.go:107.16,110.3 2 0
github.com/jabong/florest-core/src/common/monitor/dogstats_agent_impl.go:115.103,118.21 2 0
github.com/jabong/florest-core/src/common/monitor/dogstats_agent_impl.go:121.2,122.16 2 0
github.com/jabong/florest-core/src/common/monitor/dogstats_agent_impl.go:126.2,126.12 1 0
github.com/jabong/florest-core/src/common/monitor/dogstats_agent_impl.go:118.21,120.3 1 0
github.com/jabong/florest-core/src/common/monitor/dogstats_agent_impl.go:122.16,125.3 2 0
github.com/jabong/florest-core/src/common/monitor/dogstats_agent_impl.go:131.109,134.21 2 0
github.com/jabong/florest-core/src/common/monitor/dogstats_agent_impl.go:137.2,138.16 2 0
github.com/jabong/florest-core/src/common/monitor/dogstats_agent_impl.go:142.2,142.12 1 0
github.com/jabong/florest-core/src/common/monitor/dogstats_agent_impl.go:134.21,136.3 1 0
github.com/jabong/florest-core/src/common/monitor/dogstats_agent_impl.go:138.16,141.3 2 0
github.com/jabong/florest-core/src/common/monitor/dogstats_agent_impl.go:148.102,151.21 2 1
github.com/jabong/florest-core/src/common/monitor/dogstats_agent_impl.go:154.2,155.16 2 1
github.com/jabong/florest-core/src/common/monitor/dogstats_agent_impl.go:159.2,159.12 1 1
github.com/jabong/florest-core/src/common/monitor/dogstats_agent_impl.go:151.21,153.3 1 0
github.com/jabong/florest-core/src/common/monitor/dogstats_agent_impl.go:155.16,158.3 2 0
github.com/jabong/florest-core/src/common/monitor/dogstats_agent_impl.go:169.74,171.21 2 0
github.com/jabong/florest-core/src/common/monitor/dogstats_agent_impl.go:174.2,175.16 2 0
github.com/jabong/florest-core/src/common/monitor/dogstats_agent_impl.go:178.2,178.12 1 0
github.com/jabong/florest-core/src/common/monitor/dogstats_agent_impl.go:182.2,182.12 1 0
github.com/jabong/florest-core/src/common/monitor/dogstats_agent_impl.go:171.21,173.3 1 0
github.com/jabong/florest-core/src/common/monitor/dogstats_agent_impl.go:175.16,177.3 1 0
github.com/jabong/florest-core/src/common/monitor/dogstats_agent_impl.go:178.12,181.3 2 0
github.com/jabong/florest-core/src/common/monitor/dogstats_agent_impl.go:186.71,188.2 1 1
github.com/jabong/florest-core/src/common/monitor/dogstats_agent_impl.go:191.72,196.16 4 4
github.com/jabong/florest-core/src/common/monitor/dogstats_agent_impl.go:200.2,200.15 1 4
github.com/jabong/florest-core/src/common/monitor/dogstats_agent_impl.go:196.16,199.3 2 0
github.com/jabong/florest-core/src/common/monitor/dogstats_agent_impl.go:205.52,208.25 3 1
github.com/jabong/florest-core/src/common/monitor/dogstats_agent_impl.go:212.2,212.12 1 1
github.com/jabong/florest-core/src/common/monitor/dogstats_agent_impl.go:208.25,211.3 2 1
github.com/jabong/florest-core/src/common/monitor/monitor.go:7.31,10.2 1 0
github.com/jabong/florest-core/src/common/monitor/monitor.go:13.42,16.2 2 0
github.com/jabong/florest-core/src/common/monitor/monitor_manager.go:9.43,10.23 1 4
github.com/jabong/florest-core/src/common/monitor/monitor_manager.go:18.2,18.76 1 0
github.com/jabong/florest-core/src/common/monitor/monitor_manager.go:11.2,13.17 2 4
github.com/jabong/florest-core/src/common/monitor/monitor_manager.go:16.3,16.33 1 4
github.com/jabong/florest-core/src/common/monitor/monitor_manager.go:13.17,15.4 1 0
github.com/jabong/florest-core/src/common/monitor/monitor_manager.go:22.59,23.19 1 0
github.com/jabong/florest-core/src/common/monitor/monitor_manager.go:26.2,26.38 1 0
github.com/jabong/florest-core/src/common/monitor/monitor_manager.go:23.19,25.3 1 0
github.com/jabong/florest-core/src/common/monitor/monitor_manager.go:31.35,32.30 1 11
github.com/jabong/florest-core/src/common/monitor/monitor_manager.go:32.30,34.3 1 0
