mode: atomic
github.com/jabong/florest-core/src/core/common/versionmanager/version_manager.go:21.31,22.17 1 1
github.com/jabong/florest-core/src/core/common/versionmanager/version_manager.go:25.2,26.18 2 1
github.com/jabong/florest-core/src/core/common/versionmanager/version_manager.go:22.17,24.3 1 0
github.com/jabong/florest-core/src/core/common/versionmanager/version_manager.go:33.104,34.17 1 15
github.com/jabong/florest-core/src/core/common/versionmanager/version_manager.go:38.2,38.25 1 15
github.com/jabong/florest-core/src/core/common/versionmanager/version_manager.go:42.2,50.9 3 15
github.com/jabong/florest-core/src/core/common/versionmanager/version_manager.go:54.2,57.16 3 15
github.com/jabong/florest-core/src/core/common/versionmanager/version_manager.go:61.2,61.50 1 10
github.com/jabong/florest-core/src/core/common/versionmanager/version_manager.go:34.17,36.3 1 0
github.com/jabong/florest-core/src/core/common/versionmanager/version_manager.go:38.25,40.3 1 0
github.com/jabong/florest-core/src/core/common/versionmanager/version_manager.go:50.9,52.3 1 0
github.com/jabong/florest-core/src/core/common/versionmanager/version_manager.go:57.16,59.3 1 5
github.com/jabong/florest-core/src/core/common/versionmanager/version_map.go:27.50,34.2 1 5
github.com/jabong/florest-core/src/core/common/versionmanager/version_map.go:43.24,50.2 2 13
github.com/jabong/florest-core/src/core/common/versionmanager/version_map.go:53.37,54.16 1 6
github.com/jabong/florest-core/src/core/common/versionmanager/version_map.go:59.2,60.39 2 5
github.com/jabong/florest-core/src/core/common/versionmanager/version_map.go:82.2,84.12 3 5
github.com/jabong/florest-core/src/core/common/versionmanager/version_map.go:54.16,58.3 3 1
github.com/jabong/florest-core/src/core/common/versionmanager/version_map.go:60.39,61.44 1 16
github.com/jabong/florest-core/src/core/common/versionmanager/version_map.go:61.44,63.53 2 8
github.com/jabong/florest-core/src/core/common/versionmanager/version_map.go:66.4,68.25 3 8
github.com/jabong/florest-core/src/core/common/versionmanager/version_map.go:72.4,72.22 1 8
github.com/jabong/florest-core/src/core/common/versionmanager/version_map.go:63.53,65.5 1 0
github.com/jabong/florest-core/src/core/common/versionmanager/version_map.go:68.25,71.5 2 6
github.com/jabong/florest-core/src/core/common/versionmanager/version_map.go:73.4,75.24 2 8
github.com/jabong/florest-core/src/core/common/versionmanager/version_map.go:79.4,79.21 1 8
github.com/jabong/florest-core/src/core/common/versionmanager/version_map.go:75.24,78.5 2 6
github.com/jabong/florest-core/src/core/common/versionmanager/version_map.go:88.80,89.22 1 15
github.com/jabong/florest-core/src/core/common/versionmanager/version_map.go:95.2,96.59 2 14
github.com/jabong/florest-core/src/core/common/versionmanager/version_map.go:89.22,90.31 1 1
github.com/jabong/florest-core/src/core/common/versionmanager/version_map.go:93.3,93.51 1 1
github.com/jabong/florest-core/src/core/common/versionmanager/version_map.go:90.31,92.4 1 0
github.com/jabong/florest-core/src/core/common/versionmanager/version_map.go:100.80,103.39 3 38
github.com/jabong/florest-core/src/core/common/versionmanager/version_map.go:118.2,118.30 1 13
github.com/jabong/florest-core/src/core/common/versionmanager/version_map.go:121.2,121.50 1 9
github.com/jabong/florest-core/src/core/common/versionmanager/version_map.go:103.39,105.41 2 44
github.com/jabong/florest-core/src/core/common/versionmanager/version_map.go:105.41,107.4 1 19
github.com/jabong/florest-core/src/core/common/versionmanager/version_map.go:107.4,108.51 1 25
github.com/jabong/florest-core/src/core/common/versionmanager/version_map.go:115.4,115.34 1 9
github.com/jabong/florest-core/src/core/common/versionmanager/version_map.go:108.51,110.19 2 24
github.com/jabong/florest-core/src/core/common/versionmanager/version_map.go:110.19,113.6 2 16
github.com/jabong/florest-core/src/core/common/versionmanager/version_map.go:118.30,120.3 1 4
