mode: atomic
github.com/jabong/florest-core/src/components/mongodb/mdb_errors.go:10.34,12.2 1 1
github.com/jabong/florest-core/src/components/mongodb/mdb_errors.go:27.67,32.2 4 3
github.com/jabong/florest-core/src/components/mongodb/mongodb_impl.go:16.57,19.16 2 2
github.com/jabong/florest-core/src/components/mongodb/mongodb_impl.go:22.2,24.12 3 1
github.com/jabong/florest-core/src/components/mongodb/mongodb_impl.go:19.16,21.3 1 1
github.com/jabong/florest-core/src/components/mongodb/mongodb_impl.go:28.52,31.17 3 0
github.com/jabong/florest-core/src/components/mongodb/mongodb_impl.go:34.2,34.11 1 0
github.com/jabong/florest-core/src/components/mongodb/mongodb_impl.go:31.17,33.3 1 0
github.com/jabong/florest-core/src/components/mongodb/mongodb_impl.go:37.60,45.2 7 0
github.com/jabong/florest-core/src/components/mongodb/mongodb_impl.go:48.50,49.20 1 0
github.com/jabong/florest-core/src/components/mongodb/mongodb_impl.go:52.2,52.28 1 0
github.com/jabong/florest-core/src/components/mongodb/mongodb_impl.go:49.20,51.3 1 0
github.com/jabong/florest-core/src/components/mongodb/mongodb_impl.go:56.46,58.2 1 0
github.com/jabong/florest-core/src/components/mongodb/mongodb_impl.go:61.147,64.2 2 0
github.com/jabong/florest-core/src/components/mongodb/mongodb_impl.go:67.116,70.2 2 0
github.com/jabong/florest-core/src/components/mongodb/mongodb_impl.go:72.109,73.57 1 0
github.com/jabong/florest-core/src/components/mongodb/mongodb_impl.go:76.2,76.17 1 0
github.com/jabong/florest-core/src/components/mongodb/mongodb_impl.go:73.57,75.3 1 0
github.com/jabong/florest-core/src/components/mongodb/mongodb_impl.go:80.149,83.2 2 0
github.com/jabong/florest-core/src/components/mongodb/mongodb_impl.go:86.118,89.2 2 0
github.com/jabong/florest-core/src/components/mongodb/mongodb_impl.go:91.111,92.57 1 0
github.com/jabong/florest-core/src/components/mongodb/mongodb_impl.go:95.2,95.17 1 0
github.com/jabong/florest-core/src/components/mongodb/mongodb_impl.go:92.57,94.3 1 0
github.com/jabong/florest-core/src/components/mongodb/mongodb_impl.go:99.111,102.2 2 0
github.com/jabong/florest-core/src/components/mongodb/mongodb_impl.go:104.80,107.2 2 0
github.com/jabong/florest-core/src/components/mongodb/mongodb_impl.go:109.89,110.49 1 0
github.com/jabong/florest-core/src/components/mongodb/mongodb_impl.go:113.2,113.12 1 0
github.com/jabong/florest-core/src/components/mongodb/mongodb_impl.go:110.49,112.3 1 0
github.com/jabong/florest-core/src/components/mongodb/mongodb_impl.go:117.141,120.2 2 0
github.com/jabong/florest-core/src/components/mongodb/mongodb_impl.go:123.110,126.2 2 0
github.com/jabong/florest-core/src/components/mongodb/mongodb_impl.go:128.103,129.56 1 0
github.com/jabong/florest-core/src/components/mongodb/mongodb_impl.go:132.2,132.12 1 0
github.com/jabong/florest-core/src/components/mongodb/mongodb_impl.go:129.56,131.3 1 0
github.com/jabong/florest-core/src/components/mongodb/mongodb_impl.go:136.122,139.2 2 0
github.com/jabong/florest-core/src/components/mongodb/mongodb_impl.go:142.91,145.2 2 0
github.com/jabong/florest-core/src/components/mongodb/mongodb_impl.go:147.84,148.49 1 0
github.com/jabong/florest-core/src/components/mongodb/mongodb_impl.go:151.2,151.12 1 0
github.com/jabong/florest-core/src/components/mongodb/mongodb_impl.go:148.49,150.3 1 0
github.com/jabong/florest-core/src/components/mongodb/mongodb_manager.go:12.66,13.39 1 2
github.com/jabong/florest-core/src/components/mongodb/mongodb_manager.go:13.39,14.36 1 2
github.com/jabong/florest-core/src/components/mongodb/mongodb_manager.go:18.3,18.40 1 2
github.com/jabong/florest-core/src/components/mongodb/mongodb_manager.go:22.3,23.13 2 1
github.com/jabong/florest-core/src/components/mongodb/mongodb_manager.go:14.36,16.4 1 0
github.com/jabong/florest-core/src/components/mongodb/mongodb_manager.go:18.40,20.4 1 1
github.com/jabong/florest-core/src/components/mongodb/mongodb_manager.go:24.3,26.3 1 0
github.com/jabong/florest-core/src/components/mongodb/mongodb_manager.go:31.48,32.39 1 2
github.com/jabong/florest-core/src/components/mongodb/mongodb_manager.go:32.39,34.3 1 1
github.com/jabong/florest-core/src/components/mongodb/mongodb_manager.go:34.3,36.3 1 1
