mode: atomic
github.com/jabong/florest-core/src/test/perftest/routers.go:20.55,22.2 1 0
github.com/jabong/florest-core/src/test/perftest/routers.go:24.65,26.2 1 0
github.com/jabong/florest-core/src/test/perftest/routers.go:28.71,30.2 1 0
github.com/jabong/florest-core/src/test/perftest/routers.go:32.47,32.49 0 0
github.com/jabong/florest-core/src/test/perftest/routers.go:34.62,34.64 0 0
github.com/jabong/florest-core/src/test/perftest/routers.go:36.84,36.86 0 0
github.com/jabong/florest-core/src/test/perftest/routers.go:38.52,40.31 2 1
github.com/jabong/florest-core/src/test/perftest/routers.go:43.2,43.17 1 1
github.com/jabong/florest-core/src/test/perftest/routers.go:40.31,42.3 1 157
github.com/jabong/florest-core/src/test/perftest/routers.go:46.85,51.2 4 0
github.com/jabong/florest-core/src/test/perftest/routers.go:53.67,54.31 1 2
github.com/jabong/florest-core/src/test/perftest/routers.go:59.2,59.37 1 2
github.com/jabong/florest-core/src/test/perftest/routers.go:54.31,58.3 3 183
github.com/jabong/florest-core/src/test/perftest/routers.go:62.51,65.38 2 1
github.com/jabong/florest-core/src/test/perftest/routers.go:81.2,81.15 1 1
github.com/jabong/florest-core/src/test/perftest/routers.go:65.38,69.37 4 26
github.com/jabong/florest-core/src/test/perftest/routers.go:75.3,78.28 4 26
github.com/jabong/florest-core/src/test/perftest/routers.go:69.37,70.42 1 71
github.com/jabong/florest-core/src/test/perftest/routers.go:73.4,73.51 1 71
github.com/jabong/florest-core/src/test/perftest/routers.go:70.42,72.5 1 19
